[debug] [2020-11-25T14:32:31.518Z] ----------------------------------------------------------------------
[debug] [2020-11-25T14:32:31.520Z] Command:       /usr/local/bin/firebase /Users/aishapeng/.cache/firebase/tools/lib/node_modules/firebase-tools/lib/bin/firebase init
[debug] [2020-11-25T14:32:31.520Z] CLI Version:   7.3.2
[debug] [2020-11-25T14:32:31.520Z] Platform:      darwin
[debug] [2020-11-25T14:32:31.520Z] Node Version:  v8.16.0
[debug] [2020-11-25T14:32:31.521Z] Time:          Wed Nov 25 2020 22:32:31 GMT+0800 (+08)
[debug] [2020-11-25T14:32:31.521Z] ----------------------------------------------------------------------
[debug] 
[debug] [2020-11-25T14:32:31.531Z] > command requires scopes: ["email","openid","https://www.googleapis.com/auth/cloudplatformprojects.readonly","https://www.googleapis.com/auth/firebase","https://www.googleapis.com/auth/cloud-platform"]
[debug] [2020-11-25T14:32:31.531Z] > authorizing via signed-in user
[info] 
     ######## #### ########  ######## ########     ###     ######  ########
     ##        ##  ##     ## ##       ##     ##  ##   ##  ##       ##
     ######    ##  ########  ######   ########  #########  ######  ######
     ##        ##  ##    ##  ##       ##     ## ##     ##       ## ##
     ##       #### ##     ## ######## ########  ##     ##  ######  ########

You're about to initialize a Firebase project in this directory:

  /Users/aishapeng/Downloads/Bob

Before we get started, keep in mind:

  * You are initializing in an existing Firebase project directory

